<?xml version="1.0" encoding="UTF-8"?>
<!-- Generated by org.testng.reporters.JUnitReportReporter -->
<testsuite hostname="OMAR-ABU-SNINEH" failures="0" tests="1" name="tutorialsninja.register.TC_RF_003" time="3.080" errors="0" timestamp="2025-01-06T15:00:48 EET" skipped="0">
  <testcase classname="tutorialsninja.register.TC_RF_003" name="registerWithMandatoryFields" time="3.080"/>
  <system-out/>
</testsuite> <!-- tutorialsninja.register.TC_RF_003 -->
