<?xml version="1.0" encoding="UTF-8"?>
<!-- Generated by org.testng.reporters.JUnitReportReporter -->
<testsuite hostname="OMAR-ABU-SNINEH" failures="0" tests="1" name="tutorialsninja.register.TC_RF_004" time="1.430" errors="0" timestamp="2025-01-06T18:06:58 EET" skipped="0">
  <testcase classname="tutorialsninja.register.TC_RF_004" name="registerWithoutEnterAnything" time="1.430"/>
  <system-out/>
</testsuite> <!-- tutorialsninja.register.TC_RF_004 -->
