<?xml version="1.0" encoding="UTF-8"?>
<!-- Generated by org.testng.reporters.JUnitReportReporter -->
<testsuite hostname="OMAR-ABU-SNINEH" failures="0" tests="1" name="tutorialsninja.register.TC_RF_001" time="2.825" errors="0" timestamp="2025-01-03T19:28:31 EET" skipped="0">
  <testcase classname="tutorialsninja.register.TC_RF_001" name="registerWithMandatoryFields" time="2.825"/>
  <system-out/>
</testsuite> <!-- tutorialsninja.register.TC_RF_001 -->
